0 info it worked if it ends with ok
<<<<<<< HEAD
1 verbose cli [ '/usr/local/bin/node', '/usr/local/bin/npm', 'start' ]
2 info using npm@3.5.3
3 info using node@v5.0.0
=======
1 verbose cli [ '/Users/jeffcarter/.nvm/versions/node/v5.1.1/bin/node',
1 verbose cli   '/Users/jeffcarter/.nvm/versions/node/v5.1.1/bin/npm',
1 verbose cli   'start' ]
2 info using npm@3.3.12
3 info using node@v5.1.1
>>>>>>> 56df3c4e0dd85dfc496757310aa48f5327a6a577
4 verbose run-script [ 'prestart', 'start', 'poststart' ]
5 info lifecycle jobs@0.0.0~prestart: jobs@0.0.0
6 silly lifecycle jobs@0.0.0~prestart: no script for prestart, continuing
7 info lifecycle jobs@0.0.0~start: jobs@0.0.0
8 verbose lifecycle jobs@0.0.0~start: unsafe-perm in lifecycle true
<<<<<<< HEAD
9 verbose lifecycle jobs@0.0.0~start: PATH: /usr/local/lib/node_modules/npm/bin/node-gyp-bin:/Users/sampack/Jobs-Tracker/node_modules/.bin:/Users/sampack/.rbenv/shims:/usr/local/bin:/usr/local/bin:/usr/bin:/bin:/usr/sbin:/sbin:/Applications/Postgres.app/Contents/Versions/9.4/bin
10 verbose lifecycle jobs@0.0.0~start: CWD: /Users/sampack/Jobs-Tracker
=======
9 verbose lifecycle jobs@0.0.0~start: PATH: /Users/jeffcarter/.nvm/versions/node/v5.1.1/lib/node_modules/npm/bin/node-gyp-bin:/Users/jeffcarter/ga/wdi/portfolio/projects/project-3/Jobs-Tracker/node_modules/.bin:/Users/jeffcarter/.rbenv/shims:/Users/jeffcarter/.nvm/versions/node/v5.1.1/bin:/usr/local/bin:/usr/bin:/bin:/usr/sbin:/sbin:/Applications/Postgres.app/Contents/Versions/9.4/bin
10 verbose lifecycle jobs@0.0.0~start: CWD: /Users/jeffcarter/ga/wdi/portfolio/projects/project-3/Jobs-Tracker
>>>>>>> 56df3c4e0dd85dfc496757310aa48f5327a6a577
11 silly lifecycle jobs@0.0.0~start: Args: [ '-c', 'node ./bin/www' ]
12 silly lifecycle jobs@0.0.0~start: Returned: code: 1  signal: null
13 info lifecycle jobs@0.0.0~start: Failed to exec start script
14 verbose stack Error: jobs@0.0.0 start: `node ./bin/www`
14 verbose stack Exit status 1
<<<<<<< HEAD
14 verbose stack     at EventEmitter.<anonymous> (/usr/local/lib/node_modules/npm/lib/utils/lifecycle.js:232:16)
14 verbose stack     at emitTwo (events.js:87:13)
14 verbose stack     at EventEmitter.emit (events.js:172:7)
14 verbose stack     at ChildProcess.<anonymous> (/usr/local/lib/node_modules/npm/lib/utils/spawn.js:24:14)
=======
14 verbose stack     at EventEmitter.<anonymous> (/Users/jeffcarter/.nvm/versions/node/v5.1.1/lib/node_modules/npm/lib/utils/lifecycle.js:232:16)
14 verbose stack     at emitTwo (events.js:87:13)
14 verbose stack     at EventEmitter.emit (events.js:172:7)
14 verbose stack     at ChildProcess.<anonymous> (/Users/jeffcarter/.nvm/versions/node/v5.1.1/lib/node_modules/npm/lib/utils/spawn.js:24:14)
>>>>>>> 56df3c4e0dd85dfc496757310aa48f5327a6a577
14 verbose stack     at emitTwo (events.js:87:13)
14 verbose stack     at ChildProcess.emit (events.js:172:7)
14 verbose stack     at maybeClose (internal/child_process.js:818:16)
14 verbose stack     at Process.ChildProcess._handle.onexit (internal/child_process.js:211:5)
15 verbose pkgid jobs@0.0.0
<<<<<<< HEAD
16 verbose cwd /Users/sampack/Jobs-Tracker
17 error Darwin 15.2.0
18 error argv "/usr/local/bin/node" "/usr/local/bin/npm" "start"
19 error node v5.0.0
20 error npm  v3.5.3
=======
16 verbose cwd /Users/jeffcarter/ga/wdi/portfolio/projects/project-3/Jobs-Tracker
17 error Darwin 14.5.0
18 error argv "/Users/jeffcarter/.nvm/versions/node/v5.1.1/bin/node" "/Users/jeffcarter/.nvm/versions/node/v5.1.1/bin/npm" "start"
19 error node v5.1.1
20 error npm  v3.3.12
>>>>>>> 56df3c4e0dd85dfc496757310aa48f5327a6a577
21 error code ELIFECYCLE
22 error jobs@0.0.0 start: `node ./bin/www`
22 error Exit status 1
23 error Failed at the jobs@0.0.0 start script 'node ./bin/www'.
23 error Make sure you have the latest version of node.js and npm installed.
23 error If you do, this is most likely a problem with the jobs package,
23 error not with npm itself.
23 error Tell the author that this fails on your system:
23 error     node ./bin/www
<<<<<<< HEAD
23 error You can get information on how to open an issue for this project with:
23 error     npm bugs jobs
23 error Or if that isn't available, you can get their info via:
=======
23 error You can get their info via:
>>>>>>> 56df3c4e0dd85dfc496757310aa48f5327a6a577
23 error     npm owner ls jobs
23 error There is likely additional logging output above.
24 verbose exit [ 1, true ]
